# JRE version: OpenJDK Runtime Environment (11.0.15) (build 11.0.15+0-b2043.56-9505619)
# Java VM: OpenJDK 64-Bit Server VM (11.0.15+0-b2043.56-9505619, mixed mode, tiered, compressed oops, g1 gc, windows-amd64)
Heap:
 garbage-first heap   total 371712K, used 305684K [0x0000000080000000, 0x0000000100000000)
  region size 1024K, 54 young (55296K), 8 survivors (8192K)
 Metaspace       used 146353K, capacity 150865K, committed 150992K, reserved 1179648K
  class space    used 18289K, capacity 19993K, committed 20000K, reserved 1048576K
GC Heap History (20 events):
Event: 1205.520 GC heap before
{Heap before GC invocations=113 (full 0):
 garbage-first heap   total 309248K, used 246914K [0x0000000080000000, 0x0000000100000000)
  region size 1024K, 41 young (41984K), 2 survivors (2048K)
 Metaspace       used 131213K, capacity 135143K, committed 135248K, reserved 1167360K
  class space    used 16377K, capacity 17768K, committed 17824K, reserved 1048576K
}
Event: 1205.527 GC heap after
{Heap after GC invocations=114 (full 0):
 garbage-first heap   total 309248K, used 213257K [0x0000000080000000, 0x0000000100000000)
  region size 1024K, 6 young (6144K), 6 survivors (6144K)
 Metaspace       used 131213K, capacity 135143K, committed 135248K, reserved 1167360K
  class space    used 16377K, capacity 17768K, committed 17824K, reserved 1048576K
}
Event: 1205.749 GC heap before
{Heap before GC invocations=114 (full 0):
 garbage-first heap   total 309248K, used 255241K [0x0000000080000000, 0x0000000100000000)
  region size 1024K, 45 young (46080K), 6 survivors (6144K)
 Metaspace       used 133048K, capacity 137003K, committed 137040K, reserved 1169408K
  class space    used 16610K, capacity 18050K, committed 18080K, reserved 1048576K
}
Event: 1205.759 GC heap after
{Heap after GC invocations=115 (full 0):
 garbage-first heap   total 371712K, used 211761K [0x0000000080000000, 0x0000000100000000)
  region size 1024K, 2 young (2048K), 2 survivors (2048K)
 Metaspace       used 133048K, capacity 137003K, committed 137040K, reserved 1169408K
  class space    used 16610K, capacity 18050K, committed 18080K, reserved 1048576K
}
Event: 1206.799 GC heap before
{Heap before GC invocations=115 (full 0):
 garbage-first heap   total 371712K, used 281393K [0x0000000080000000, 0x0000000100000000)
  region size 1024K, 70 young (71680K), 2 survivors (2048K)
 Metaspace       used 138860K, capacity 143038K, committed 143184K, reserved 1173504K
  class space    used 17447K, capacity 19007K, committed 19104K, reserved 1048576K
}
Event: 1206.808 GC heap after
{Heap after GC invocations=116 (full 0):
 garbage-first heap   total 371712K, used 218726K [0x0000000080000000, 0x0000000100000000)
  region size 1024K, 9 young (9216K), 9 survivors (9216K)
 Metaspace       used 138860K, capacity 143038K, committed 143184K, reserved 1173504K
  class space    used 17447K, capacity 19007K, committed 19104K, reserved 1048576K
}
Event: 1207.875 GC heap before
{Heap before GC invocations=116 (full 0):
 garbage-first heap   total 371712K, used 288358K [0x0000000080000000, 0x0000000100000000)
  region size 1024K, 77 young (78848K), 9 survivors (9216K)
 Metaspace       used 142540K, capacity 146871K, committed 146896K, reserved 1177600K
  class space    used 17873K, capacity 19475K, committed 19488K, reserved 1048576K
}
Event: 1207.894 GC heap after
{Heap after GC invocations=117 (full 0):
 garbage-first heap   total 371712K, used 219545K [0x0000000080000000, 0x0000000100000000)
  region size 1024K, 2 young (2048K), 2 survivors (2048K)
 Metaspace       used 142540K, capacity 146871K, committed 146896K, reserved 1177600K
  class space    used 17873K, capacity 19475K, committed 19488K, reserved 1048576K
}
Event: 1208.655 GC heap before
{Heap before GC invocations=117 (full 0):
 garbage-first heap   total 371712K, used 295321K [0x0000000080000000, 0x0000000100000000)
  region size 1024K, 76 young (77824K), 2 survivors (2048K)
 Metaspace       used 143035K, capacity 147371K, committed 147408K, reserved 1177600K
  class space    used 17888K, capacity 19480K, committed 19488K, reserved 1048576K
}
Event: 1208.657 GC heap after
{Heap after GC invocations=118 (full 0):
 garbage-first heap   total 371712K, used 219157K [0x0000000080000000, 0x0000000100000000)
  region size 1024K, 1 young (1024K), 1 survivors (1024K)
 Metaspace       used 143035K, capacity 147371K, committed 147408K, reserved 1177600K
  class space    used 17888K, capacity 19480K, committed 19488K, reserved 1048576K
}
Event: 1209.229 GC heap before
{Heap before GC invocations=118 (full 0):
 garbage-first heap   total 371712K, used 301077K [0x0000000080000000, 0x0000000100000000)
  region size 1024K, 81 young (82944K), 1 survivors (1024K)
 Metaspace       used 143301K, capacity 147630K, committed 147792K, reserved 1177600K
  class space    used 17915K, capacity 19519K, committed 19616K, reserved 1048576K
}
Event: 1209.232 GC heap after
{Heap after GC invocations=119 (full 0):
 garbage-first heap   total 371712K, used 219414K [0x0000000080000000, 0x0000000100000000)
  region size 1024K, 2 young (2048K), 2 survivors (2048K)
 Metaspace       used 143301K, capacity 147630K, committed 147792K, reserved 1177600K
  class space    used 17915K, capacity 19519K, committed 19616K, reserved 1048576K
}
Event: 1209.768 GC heap before
{Heap before GC invocations=119 (full 0):
 garbage-first heap   total 371712K, used 303382K [0x0000000080000000, 0x0000000100000000)
  region size 1024K, 84 young (86016K), 2 survivors (2048K)
 Metaspace       used 143399K, capacity 147720K, committed 148048K, reserved 1177600K
  class space    used 17929K, capacity 19524K, committed 19616K, reserved 1048576K
}
Event: 1209.771 GC heap after
{Heap after GC invocations=120 (full 0):
 garbage-first heap   total 371712K, used 219689K [0x0000000080000000, 0x0000000100000000)
  region size 1024K, 2 young (2048K), 2 survivors (2048K)
 Metaspace       used 143399K, capacity 147720K, committed 148048K, reserved 1177600K
  class space    used 17929K, capacity 19524K, committed 19616K, reserved 1048576K
}
Event: 1210.258 GC heap before
{Heap before GC invocations=120 (full 0):
 garbage-first heap   total 371712K, used 308777K [0x0000000080000000, 0x0000000100000000)
  region size 1024K, 89 young (91136K), 2 survivors (2048K)
 Metaspace       used 143454K, capacity 147795K, committed 148048K, reserved 1177600K
  class space    used 17930K, capacity 19526K, committed 19616K, reserved 1048576K
}
Event: 1210.261 GC heap after
{Heap after GC invocations=121 (full 0):
 garbage-first heap   total 371712K, used 220032K [0x0000000080000000, 0x0000000100000000)
  region size 1024K, 2 young (2048K), 2 survivors (2048K)
 Metaspace       used 143454K, capacity 147795K, committed 148048K, reserved 1177600K
  class space    used 17930K, capacity 19526K, committed 19616K, reserved 1048576K
}
Event: 1210.953 GC heap before
{Heap before GC invocations=121 (full 0):
 garbage-first heap   total 371712K, used 312192K [0x0000000080000000, 0x0000000100000000)
  region size 1024K, 91 young (93184K), 2 survivors (2048K)
 Metaspace       used 145156K, capacity 149667K, committed 149840K, reserved 1179648K
  class space    used 18142K, capacity 19820K, committed 19872K, reserved 1048576K
}
Event: 1210.959 GC heap after
{Heap after GC invocations=122 (full 0):
 garbage-first heap   total 371712K, used 222730K [0x0000000080000000, 0x0000000100000000)
  region size 1024K, 4 young (4096K), 4 survivors (4096K)
 Metaspace       used 145156K, capacity 149667K, committed 149840K, reserved 1179648K
  class space    used 18142K, capacity 19820K, committed 19872K, reserved 1048576K
}
Event: 1211.573 GC heap before
{Heap before GC invocations=122 (full 0):
 garbage-first heap   total 371712K, used 264714K [0x0000000080000000, 0x0000000100000000)
  region size 1024K, 26 young (26624K), 4 survivors (4096K)
 Metaspace       used 146217K, capacity 150743K, committed 150992K, reserved 1179648K
  class space    used 18278K, capacity 19954K, committed 20000K, reserved 1048576K
}
Event: 1211.596 GC heap after
{Heap after GC invocations=123 (full 0):
 garbage-first heap   total 371712K, used 242196K [0x0000000080000000, 0x0000000100000000)
  region size 1024K, 8 young (8192K), 8 survivors (8192K)
 Metaspace       used 146217K, capacity 150743K, committed 150992K, reserved 1179648K
  class space    used 18278K, capacity 19954K, committed 20000K, reserved 1048576K
}

